t=  0.0000000000E+00 <phi**2>=  0.173624E-06 heat fluxes:   0.246132E-10 -0.339859E-11
t=  0.0000000000E+00 <phi**2>=  0.173624E-06 energy exchange:  -0.371334E-24 -0.276637E-23
t=  0.0000000000E+00 <phi**2>=  0.173624E-06 heat fluxes:   0.246132E-10 -0.339859E-11
t=  0.0000000000E+00 <phi**2>=  0.173624E-06 energy exchange:  -0.371334E-24 -0.276637E-23
t=  0.5000000000E+00 <phi**2>=  0.684586E-08 heat fluxes:   0.796256E-10  0.244361E-09
t=  0.5000000000E+00 <phi**2>=  0.684586E-08 energy exchange:   0.797449E-10 -0.797449E-10
t=  0.1000000000E+01 <phi**2>=  0.558210E-08 heat fluxes:  -0.556918E-09 -0.689810E-09
t=  0.1000000000E+01 <phi**2>=  0.558210E-08 energy exchange:   0.288429E-08 -0.288429E-08
t=  0.1500000000E+01 <phi**2>=  0.531723E-08 heat fluxes:   0.757575E-09  0.100765E-08
t=  0.1500000000E+01 <phi**2>=  0.531723E-08 energy exchange:  -0.172789E-08  0.172789E-08
t=  0.2000000000E+01 <phi**2>=  0.528484E-08 heat fluxes:  -0.500977E-10  0.197542E-11
t=  0.2000000000E+01 <phi**2>=  0.528484E-08 energy exchange:   0.373263E-10 -0.373263E-10
t=  0.2500000000E+01 <phi**2>=  0.519948E-08 heat fluxes:  -0.364260E-09 -0.571069E-09
t=  0.2500000000E+01 <phi**2>=  0.519948E-08 energy exchange:   0.102006E-08 -0.102006E-08
t=  0.3000000000E+01 <phi**2>=  0.489138E-08 heat fluxes:   0.306733E-09  0.457726E-09
t=  0.3000000000E+01 <phi**2>=  0.489138E-08 energy exchange:  -0.151346E-08  0.151346E-08
t=  0.3500000000E+01 <phi**2>=  0.470217E-08 heat fluxes:  -0.203083E-09 -0.145663E-09
t=  0.3500000000E+01 <phi**2>=  0.470217E-08 energy exchange:  -0.525032E-09  0.525032E-09
t=  0.4000000000E+01 <phi**2>=  0.471380E-08 heat fluxes:   0.503100E-09  0.764444E-09
t=  0.4000000000E+01 <phi**2>=  0.471380E-08 energy exchange:  -0.890064E-09  0.890064E-09
t=  0.4500000000E+01 <phi**2>=  0.484187E-08 heat fluxes:  -0.313836E-10 -0.328496E-11
t=  0.4500000000E+01 <phi**2>=  0.484187E-08 energy exchange:  -0.158453E-09  0.158453E-09
t=  0.5000000000E+01 <phi**2>=  0.480578E-08 heat fluxes:  -0.700692E-09 -0.991390E-09
t=  0.5000000000E+01 <phi**2>=  0.480578E-08 energy exchange:   0.206925E-08 -0.206925E-08
t=  0.5500000000E+01 <phi**2>=  0.480871E-08 heat fluxes:   0.728311E-09  0.946822E-09
t=  0.5500000000E+01 <phi**2>=  0.480871E-08 energy exchange:  -0.290069E-08  0.290069E-08
t=  0.6000000000E+01 <phi**2>=  0.469785E-08 heat fluxes:  -0.217938E-09 -0.264190E-09
t=  0.6000000000E+01 <phi**2>=  0.469785E-08 energy exchange:   0.127246E-08 -0.127246E-08
t=  0.6500000000E+01 <phi**2>=  0.464725E-08 heat fluxes:  -0.248367E-10  0.101704E-09
t=  0.6500000000E+01 <phi**2>=  0.464725E-08 energy exchange:   0.871290E-09 -0.871290E-09
t=  0.7000000000E+01 <phi**2>=  0.479069E-08 heat fluxes:  -0.971284E-10 -0.247720E-09
t=  0.7000000000E+01 <phi**2>=  0.479069E-08 energy exchange:   0.753722E-09 -0.753722E-09
t=  0.7500000000E+01 <phi**2>=  0.484604E-08 heat fluxes:  -0.299172E-09 -0.369582E-09
t=  0.7500000000E+01 <phi**2>=  0.484604E-08 energy exchange:   0.162015E-08 -0.162015E-08
t=  0.8000000000E+01 <phi**2>=  0.477656E-08 heat fluxes:   0.961780E-09  0.125580E-08
t=  0.8000000000E+01 <phi**2>=  0.477656E-08 energy exchange:  -0.322792E-08  0.322792E-08
t=  0.8500000000E+01 <phi**2>=  0.469163E-08 heat fluxes:  -0.762910E-10 -0.185095E-09
t=  0.8500000000E+01 <phi**2>=  0.469163E-08 energy exchange:   0.913947E-09 -0.913947E-09
t=  0.9000000000E+01 <phi**2>=  0.469454E-08 heat fluxes:  -0.180473E-09 -0.344037E-09
t=  0.9000000000E+01 <phi**2>=  0.469454E-08 energy exchange:   0.904955E-09 -0.904955E-09
t=  0.9500000000E+01 <phi**2>=  0.472726E-08 heat fluxes:   0.559573E-09  0.477791E-09
t=  0.9500000000E+01 <phi**2>=  0.472726E-08 energy exchange:  -0.126915E-08  0.126915E-08
t=  0.1000000000E+02 <phi**2>=  0.479770E-08 heat fluxes:  -0.243415E-09 -0.352718E-09
t=  0.1000000000E+02 <phi**2>=  0.479770E-08 energy exchange:   0.151014E-08 -0.151014E-08
t=  0.1050000000E+02 <phi**2>=  0.467884E-08 heat fluxes:   0.508131E-09  0.568892E-09
t=  0.1050000000E+02 <phi**2>=  0.467884E-08 energy exchange:  -0.112408E-08  0.112408E-08
t=  0.1100000000E+02 <phi**2>=  0.469532E-08 heat fluxes:  -0.110886E-09 -0.213825E-09
t=  0.1100000000E+02 <phi**2>=  0.469532E-08 energy exchange:   0.908596E-09 -0.908596E-09
t=  0.1150000000E+02 <phi**2>=  0.478795E-08 heat fluxes:  -0.398521E-09 -0.513237E-09
t=  0.1150000000E+02 <phi**2>=  0.478795E-08 energy exchange:   0.185306E-08 -0.185306E-08
t=  0.1200000000E+02 <phi**2>=  0.482135E-08 heat fluxes:   0.102498E-08  0.148120E-08
t=  0.1200000000E+02 <phi**2>=  0.482135E-08 energy exchange:  -0.474689E-08  0.474689E-08
t=  0.1250000000E+02 <phi**2>=  0.471227E-08 heat fluxes:  -0.144187E-09 -0.161917E-09
t=  0.1250000000E+02 <phi**2>=  0.471227E-08 energy exchange:   0.137564E-08 -0.137564E-08
t=  0.1300000000E+02 <phi**2>=  0.472170E-08 heat fluxes:   0.710158E-10 -0.157127E-09
t=  0.1300000000E+02 <phi**2>=  0.472170E-08 energy exchange:   0.104362E-08 -0.104362E-08
t=  0.1350000000E+02 <phi**2>=  0.478055E-08 heat fluxes:   0.188745E-09  0.311036E-10
t=  0.1350000000E+02 <phi**2>=  0.478055E-08 energy exchange:  -0.883606E-09  0.883606E-09
t=  0.1400000000E+02 <phi**2>=  0.481983E-08 heat fluxes:  -0.230439E-10 -0.328723E-09
t=  0.1400000000E+02 <phi**2>=  0.481983E-08 energy exchange:   0.137746E-08 -0.137746E-08
t=  0.1450000000E+02 <phi**2>=  0.501826E-08 heat fluxes:   0.593516E-09  0.799433E-09
t=  0.1450000000E+02 <phi**2>=  0.501826E-08 energy exchange:  -0.600246E-09  0.600246E-09
t=  0.1500000000E+02 <phi**2>=  0.474403E-08 heat fluxes:  -0.501997E-10 -0.157632E-09
t=  0.1500000000E+02 <phi**2>=  0.474403E-08 energy exchange:   0.458966E-09 -0.458966E-09
t=  0.1550000000E+02 <phi**2>=  0.476691E-08 heat fluxes:  -0.319405E-09 -0.569691E-09
t=  0.1550000000E+02 <phi**2>=  0.476691E-08 energy exchange:   0.415526E-08 -0.415526E-08
t=  0.1600000000E+02 <phi**2>=  0.474856E-08 heat fluxes:   0.784407E-09  0.733996E-09
t=  0.1600000000E+02 <phi**2>=  0.474856E-08 energy exchange:  -0.302850E-08  0.302850E-08
t=  0.1650000000E+02 <phi**2>=  0.484355E-08 heat fluxes:   0.519192E-09  0.719555E-09
t=  0.1650000000E+02 <phi**2>=  0.484355E-08 energy exchange:  -0.381218E-09  0.381218E-09
t=  0.1700000000E+02 <phi**2>=  0.471553E-08 heat fluxes:   0.885377E-09  0.938842E-09
t=  0.1700000000E+02 <phi**2>=  0.471553E-08 energy exchange:  -0.572112E-09  0.572112E-09
t=  0.1750000000E+02 <phi**2>=  0.490266E-08 heat fluxes:   0.423911E-09  0.313740E-09
t=  0.1750000000E+02 <phi**2>=  0.490266E-08 energy exchange:   0.691283E-09 -0.691283E-09
t=  0.1800000000E+02 <phi**2>=  0.501786E-08 heat fluxes:   0.484832E-09  0.864681E-10
t=  0.1800000000E+02 <phi**2>=  0.501786E-08 energy exchange:   0.340394E-08 -0.340394E-08
t=  0.1850000000E+02 <phi**2>=  0.476129E-08 heat fluxes:   0.134355E-08  0.199603E-08
t=  0.1850000000E+02 <phi**2>=  0.476129E-08 energy exchange:  -0.252467E-08  0.252467E-08
t=  0.1900000000E+02 <phi**2>=  0.487023E-08 heat fluxes:   0.257452E-09 -0.421016E-09
t=  0.1900000000E+02 <phi**2>=  0.487023E-08 energy exchange:   0.370882E-08 -0.370882E-08
t=  0.1950000000E+02 <phi**2>=  0.494635E-08 heat fluxes:   0.124174E-08  0.109214E-08
t=  0.1950000000E+02 <phi**2>=  0.494635E-08 energy exchange:   0.756976E-09 -0.756976E-09
t=  0.2000000000E+02 <phi**2>=  0.486557E-08 heat fluxes:   0.832627E-09  0.590691E-09
t=  0.2000000000E+02 <phi**2>=  0.486557E-08 energy exchange:   0.960140E-09 -0.960140E-09
t=  0.2050000000E+02 <phi**2>=  0.490816E-08 heat fluxes:   0.103907E-08  0.487419E-09
t=  0.2050000000E+02 <phi**2>=  0.490816E-08 energy exchange:   0.280058E-09 -0.280058E-09
t=  0.2100000000E+02 <phi**2>=  0.480004E-08 heat fluxes:   0.158008E-08  0.168358E-08
t=  0.2100000000E+02 <phi**2>=  0.480004E-08 energy exchange:  -0.886791E-09  0.886791E-09
t=  0.2150000000E+02 <phi**2>=  0.496386E-08 heat fluxes:   0.891143E-09  0.297869E-09
t=  0.2150000000E+02 <phi**2>=  0.496386E-08 energy exchange:   0.166050E-08 -0.166050E-08
t=  0.2200000000E+02 <phi**2>=  0.499959E-08 heat fluxes:   0.156050E-08  0.537940E-09
t=  0.2200000000E+02 <phi**2>=  0.499959E-08 energy exchange:   0.280040E-08 -0.280040E-08
t=  0.2250000000E+02 <phi**2>=  0.501619E-08 heat fluxes:   0.266868E-08  0.208665E-08
t=  0.2250000000E+02 <phi**2>=  0.501619E-08 energy exchange:  -0.488543E-08  0.488543E-08
t=  0.2300000000E+02 <phi**2>=  0.502296E-08 heat fluxes:   0.198461E-08  0.226463E-08
t=  0.2300000000E+02 <phi**2>=  0.502296E-08 energy exchange:  -0.597606E-08  0.597606E-08
t=  0.2350000000E+02 <phi**2>=  0.502675E-08 heat fluxes:   0.232343E-08  0.181562E-08
t=  0.2350000000E+02 <phi**2>=  0.502675E-08 energy exchange:   0.312696E-09 -0.312696E-09
t=  0.2400000000E+02 <phi**2>=  0.498437E-08 heat fluxes:   0.185259E-08  0.118853E-08
t=  0.2400000000E+02 <phi**2>=  0.498437E-08 energy exchange:   0.127509E-08 -0.127509E-08
t=  0.2450000000E+02 <phi**2>=  0.518900E-08 heat fluxes:   0.369468E-08  0.247228E-08
t=  0.2450000000E+02 <phi**2>=  0.518900E-08 energy exchange:  -0.161105E-08  0.161105E-08
t=  0.2500000000E+02 <phi**2>=  0.523651E-08 heat fluxes:   0.507710E-08  0.555242E-08
t=  0.2500000000E+02 <phi**2>=  0.523651E-08 energy exchange:  -0.129673E-07  0.129673E-07
t=  0.2550000000E+02 <phi**2>=  0.527926E-08 heat fluxes:   0.382346E-08  0.273542E-08
t=  0.2550000000E+02 <phi**2>=  0.527926E-08 energy exchange:   0.955915E-09 -0.955915E-09
t=  0.2600000000E+02 <phi**2>=  0.544938E-08 heat fluxes:   0.511896E-08  0.367777E-08
t=  0.2600000000E+02 <phi**2>=  0.544938E-08 energy exchange:   0.257176E-08 -0.257176E-08
t=  0.2650000000E+02 <phi**2>=  0.523389E-08 heat fluxes:   0.362788E-08  0.179349E-08
t=  0.2650000000E+02 <phi**2>=  0.523389E-08 energy exchange:   0.638620E-08 -0.638620E-08
t=  0.2700000000E+02 <phi**2>=  0.556744E-08 heat fluxes:   0.622598E-08  0.448730E-08
t=  0.2700000000E+02 <phi**2>=  0.556744E-08 energy exchange:   0.170004E-08 -0.170004E-08
t=  0.2750000000E+02 <phi**2>=  0.550847E-08 heat fluxes:   0.677010E-08  0.509474E-08
t=  0.2750000000E+02 <phi**2>=  0.550847E-08 energy exchange:  -0.152426E-08  0.152426E-08
t=  0.2800000000E+02 <phi**2>=  0.525274E-08 heat fluxes:   0.483230E-08  0.154398E-08
t=  0.2800000000E+02 <phi**2>=  0.525274E-08 energy exchange:   0.122171E-07 -0.122171E-07
t=  0.2850000000E+02 <phi**2>=  0.558035E-08 heat fluxes:   0.736968E-08  0.511092E-08
t=  0.2850000000E+02 <phi**2>=  0.558035E-08 energy exchange:  -0.225297E-11  0.225297E-11
t=  0.2900000000E+02 <phi**2>=  0.599527E-08 heat fluxes:   0.101645E-07  0.764637E-08
t=  0.2900000000E+02 <phi**2>=  0.599527E-08 energy exchange:  -0.304222E-08  0.304222E-08
t=  0.2950000000E+02 <phi**2>=  0.561513E-08 heat fluxes:   0.875866E-08  0.461861E-08
t=  0.2950000000E+02 <phi**2>=  0.561513E-08 energy exchange:   0.878891E-08 -0.878891E-08
t=  0.3000000000E+02 <phi**2>=  0.607059E-08 heat fluxes:   0.104439E-07  0.566356E-08
t=  0.3000000000E+02 <phi**2>=  0.607059E-08 energy exchange:   0.133417E-07 -0.133417E-07
t=  0.3050000000E+02 <phi**2>=  0.619642E-08 heat fluxes:   0.124428E-07  0.780001E-08
t=  0.3050000000E+02 <phi**2>=  0.619642E-08 energy exchange:   0.242240E-08 -0.242240E-08
t=  0.3100000000E+02 <phi**2>=  0.630646E-08 heat fluxes:   0.156919E-07  0.122600E-07
t=  0.3100000000E+02 <phi**2>=  0.630646E-08 energy exchange:  -0.111985E-07  0.111985E-07
t=  0.3150000000E+02 <phi**2>=  0.670613E-08 heat fluxes:   0.185068E-07  0.147040E-07
t=  0.3150000000E+02 <phi**2>=  0.670613E-08 energy exchange:  -0.167377E-07  0.167377E-07
t=  0.3200000000E+02 <phi**2>=  0.613312E-08 heat fluxes:   0.143399E-07  0.751573E-08
t=  0.3200000000E+02 <phi**2>=  0.613312E-08 energy exchange:   0.217344E-07 -0.217344E-07
t=  0.3250000000E+02 <phi**2>=  0.665377E-08 heat fluxes:   0.195476E-07  0.134127E-07
t=  0.3250000000E+02 <phi**2>=  0.665377E-08 energy exchange:  -0.210374E-08  0.210374E-08
t=  0.3300000000E+02 <phi**2>=  0.662835E-08 heat fluxes:   0.207214E-07  0.131482E-07
t=  0.3300000000E+02 <phi**2>=  0.662835E-08 energy exchange:   0.491192E-08 -0.491192E-08
t=  0.3350000000E+02 <phi**2>=  0.759208E-08 heat fluxes:   0.266013E-07  0.200196E-07
t=  0.3350000000E+02 <phi**2>=  0.759208E-08 energy exchange:  -0.282120E-08  0.282120E-08
t=  0.3400000000E+02 <phi**2>=  0.763696E-08 heat fluxes:   0.282532E-07  0.177205E-07
t=  0.3400000000E+02 <phi**2>=  0.763696E-08 energy exchange:   0.850950E-08 -0.850950E-08
t=  0.3450000000E+02 <phi**2>=  0.792512E-08 heat fluxes:   0.307815E-07  0.209268E-07
t=  0.3450000000E+02 <phi**2>=  0.792512E-08 energy exchange:   0.877217E-09 -0.877217E-09
t=  0.3500000000E+02 <phi**2>=  0.844128E-08 heat fluxes:   0.375646E-07  0.289676E-07
t=  0.3500000000E+02 <phi**2>=  0.844128E-08 energy exchange:  -0.182064E-08  0.182064E-08
t=  0.3550000000E+02 <phi**2>=  0.903744E-08 heat fluxes:   0.408946E-07  0.271023E-07
t=  0.3550000000E+02 <phi**2>=  0.903744E-08 energy exchange:   0.146413E-07 -0.146413E-07
t=  0.3600000000E+02 <phi**2>=  0.948386E-08 heat fluxes:   0.451395E-07  0.285027E-07
t=  0.3600000000E+02 <phi**2>=  0.948386E-08 energy exchange:   0.216859E-07 -0.216859E-07
t=  0.3650000000E+02 <phi**2>=  0.100279E-07 heat fluxes:   0.541976E-07  0.387683E-07
t=  0.3650000000E+02 <phi**2>=  0.100279E-07 energy exchange:  -0.718773E-08  0.718773E-08
t=  0.3700000000E+02 <phi**2>=  0.104239E-07 heat fluxes:   0.582579E-07  0.393136E-07
t=  0.3700000000E+02 <phi**2>=  0.104239E-07 energy exchange:   0.839206E-08 -0.839206E-08
t=  0.3750000000E+02 <phi**2>=  0.110147E-07 heat fluxes:   0.633207E-07  0.406492E-07
t=  0.3750000000E+02 <phi**2>=  0.110147E-07 energy exchange:   0.282011E-07 -0.282011E-07
t=  0.3800000000E+02 <phi**2>=  0.119758E-07 heat fluxes:   0.726670E-07  0.443561E-07
t=  0.3800000000E+02 <phi**2>=  0.119758E-07 energy exchange:   0.438772E-07 -0.438772E-07
t=  0.3850000000E+02 <phi**2>=  0.139175E-07 heat fluxes:   0.863683E-07  0.539492E-07
t=  0.3850000000E+02 <phi**2>=  0.139175E-07 energy exchange:   0.384154E-07 -0.384154E-07
t=  0.3900000000E+02 <phi**2>=  0.140615E-07 heat fluxes:   0.966260E-07  0.695121E-07
t=  0.3900000000E+02 <phi**2>=  0.140615E-07 energy exchange:  -0.526435E-08  0.526435E-08
t=  0.3950000000E+02 <phi**2>=  0.156369E-07 heat fluxes:   0.111294E-06  0.786412E-07
t=  0.3950000000E+02 <phi**2>=  0.156369E-07 energy exchange:  -0.584269E-08  0.584269E-08
t=  0.4000000000E+02 <phi**2>=  0.160809E-07 heat fluxes:   0.122596E-06  0.847329E-07
t=  0.4000000000E+02 <phi**2>=  0.160809E-07 energy exchange:   0.910830E-08 -0.910830E-08
t=  0.4050000000E+02 <phi**2>=  0.181857E-07 heat fluxes:   0.140746E-06  0.964344E-07
t=  0.4050000000E+02 <phi**2>=  0.181857E-07 energy exchange:   0.397922E-08 -0.397922E-08
t=  0.4100000000E+02 <phi**2>=  0.201186E-07 heat fluxes:   0.160267E-06  0.111696E-06
t=  0.4100000000E+02 <phi**2>=  0.201186E-07 energy exchange:  -0.896553E-08  0.896553E-08
t=  0.4150000000E+02 <phi**2>=  0.211422E-07 heat fluxes:   0.175406E-06  0.120441E-06
t=  0.4150000000E+02 <phi**2>=  0.211422E-07 energy exchange:   0.297651E-07 -0.297651E-07
t=  0.4200000000E+02 <phi**2>=  0.244756E-07 heat fluxes:   0.209246E-06  0.150479E-06
t=  0.4200000000E+02 <phi**2>=  0.244756E-07 energy exchange:  -0.320405E-07  0.320405E-07
t=  0.4250000000E+02 <phi**2>=  0.267695E-07 heat fluxes:   0.230772E-06  0.159585E-06
t=  0.4250000000E+02 <phi**2>=  0.267695E-07 energy exchange:   0.260287E-07 -0.260287E-07
t=  0.4300000000E+02 <phi**2>=  0.293466E-07 heat fluxes:   0.257766E-06  0.176243E-06
t=  0.4300000000E+02 <phi**2>=  0.293466E-07 energy exchange:   0.591478E-07 -0.591478E-07
t=  0.4350000000E+02 <phi**2>=  0.340390E-07 heat fluxes:   0.297664E-06  0.203410E-06
t=  0.4350000000E+02 <phi**2>=  0.340390E-07 energy exchange:   0.497806E-07 -0.497806E-07
t=  0.4400000000E+02 <phi**2>=  0.378746E-07 heat fluxes:   0.343544E-06  0.237563E-06
t=  0.4400000000E+02 <phi**2>=  0.378746E-07 energy exchange:   0.933145E-08 -0.933145E-08
t=  0.4450000000E+02 <phi**2>=  0.398289E-07 heat fluxes:   0.370432E-06  0.242713E-06
t=  0.4450000000E+02 <phi**2>=  0.398289E-07 energy exchange:   0.116942E-06 -0.116942E-06
t=  0.4500000000E+02 <phi**2>=  0.465331E-07 heat fluxes:   0.435786E-06  0.296103E-06
t=  0.4500000000E+02 <phi**2>=  0.465331E-07 energy exchange:   0.615984E-07 -0.615984E-07
t=  0.4550000000E+02 <phi**2>=  0.508956E-07 heat fluxes:   0.486856E-06  0.327905E-06
t=  0.4550000000E+02 <phi**2>=  0.508956E-07 energy exchange:   0.879504E-07 -0.879504E-07
t=  0.4600000000E+02 <phi**2>=  0.571483E-07 heat fluxes:   0.548907E-06  0.364892E-06
t=  0.4600000000E+02 <phi**2>=  0.571483E-07 energy exchange:   0.132748E-06 -0.132748E-06
t=  0.4650000000E+02 <phi**2>=  0.645406E-07 heat fluxes:   0.628840E-06  0.424309E-06
t=  0.4650000000E+02 <phi**2>=  0.645406E-07 energy exchange:   0.897997E-07 -0.897997E-07
t=  0.4700000000E+02 <phi**2>=  0.737217E-07 heat fluxes:   0.713719E-06  0.480708E-06
t=  0.4700000000E+02 <phi**2>=  0.737217E-07 energy exchange:   0.181125E-06 -0.181125E-06
t=  0.4750000000E+02 <phi**2>=  0.836189E-07 heat fluxes:   0.829624E-06  0.580177E-06
t=  0.4750000000E+02 <phi**2>=  0.836189E-07 energy exchange:  -0.323484E-07  0.323484E-07
t=  0.4800000000E+02 <phi**2>=  0.918517E-07 heat fluxes:   0.914817E-06  0.618446E-06
t=  0.4800000000E+02 <phi**2>=  0.918517E-07 energy exchange:   0.153069E-06 -0.153069E-06
t=  0.4850000000E+02 <phi**2>=  0.103019E-06 heat fluxes:   0.104679E-05  0.727738E-06
t=  0.4850000000E+02 <phi**2>=  0.103019E-06 energy exchange:   0.437248E-07 -0.437248E-07
t=  0.4900000000E+02 <phi**2>=  0.117613E-06 heat fluxes:   0.118760E-05  0.813150E-06
t=  0.4900000000E+02 <phi**2>=  0.117613E-06 energy exchange:   0.126555E-06 -0.126555E-06
t=  0.4950000000E+02 <phi**2>=  0.131024E-06 heat fluxes:   0.133975E-05  0.916482E-06
t=  0.4950000000E+02 <phi**2>=  0.131024E-06 energy exchange:   0.113608E-06 -0.113608E-06
t=  0.5000000000E+02 <phi**2>=  0.148454E-06 heat fluxes:   0.152210E-05  0.104486E-05
t=  0.5000000000E+02 <phi**2>=  0.148454E-06 energy exchange:   0.116113E-06 -0.116113E-06
t=  0.5050000000E+02 <phi**2>=  0.165800E-06 heat fluxes:   0.171435E-05  0.117443E-05
t=  0.5050000000E+02 <phi**2>=  0.165800E-06 energy exchange:   0.165655E-06 -0.165655E-06
t=  0.5100000000E+02 <phi**2>=  0.186382E-06 heat fluxes:   0.192719E-05  0.131818E-05
t=  0.5100000000E+02 <phi**2>=  0.186382E-06 energy exchange:   0.254264E-06 -0.254264E-06
t=  0.5150000000E+02 <phi**2>=  0.215703E-06 heat fluxes:   0.221734E-05  0.151339E-05
t=  0.5150000000E+02 <phi**2>=  0.215703E-06 energy exchange:   0.185922E-06 -0.185922E-06
t=  0.5200000000E+02 <phi**2>=  0.233486E-06 heat fluxes:   0.246509E-05  0.169033E-05
t=  0.5200000000E+02 <phi**2>=  0.233486E-06 energy exchange:   0.217141E-06 -0.217141E-06
t=  0.5250000000E+02 <phi**2>=  0.267416E-06 heat fluxes:   0.280074E-05  0.191066E-05
t=  0.5250000000E+02 <phi**2>=  0.267416E-06 energy exchange:   0.358827E-06 -0.358827E-06
t=  0.5300000000E+02 <phi**2>=  0.307871E-06 heat fluxes:   0.320760E-05  0.219315E-05
t=  0.5300000000E+02 <phi**2>=  0.307871E-06 energy exchange:   0.259355E-06 -0.259355E-06
t=  0.5350000000E+02 <phi**2>=  0.342443E-06 heat fluxes:   0.360117E-05  0.244488E-05
t=  0.5350000000E+02 <phi**2>=  0.342443E-06 energy exchange:   0.495222E-06 -0.495222E-06
t=  0.5400000000E+02 <phi**2>=  0.379233E-06 heat fluxes:   0.402361E-05  0.272338E-05
t=  0.5400000000E+02 <phi**2>=  0.379233E-06 energy exchange:   0.638112E-06 -0.638112E-06
t=  0.5450000000E+02 <phi**2>=  0.440045E-06 heat fluxes:   0.460632E-05  0.310797E-05
t=  0.5450000000E+02 <phi**2>=  0.440045E-06 energy exchange:   0.709634E-06 -0.709634E-06
t=  0.5500000000E+02 <phi**2>=  0.497489E-06 heat fluxes:   0.521402E-05  0.351420E-05
t=  0.5500000000E+02 <phi**2>=  0.497489E-06 energy exchange:   0.846484E-06 -0.846484E-06
t=  0.5550000000E+02 <phi**2>=  0.557191E-06 heat fluxes:   0.590498E-05  0.400058E-05
t=  0.5550000000E+02 <phi**2>=  0.557191E-06 energy exchange:   0.887571E-06 -0.887571E-06
t=  0.5600000000E+02 <phi**2>=  0.634777E-06 heat fluxes:   0.673265E-05  0.460674E-05
t=  0.5600000000E+02 <phi**2>=  0.634777E-06 energy exchange:   0.620510E-06 -0.620510E-06
t=  0.5650000000E+02 <phi**2>=  0.710717E-06 heat fluxes:   0.756780E-05  0.513487E-05
t=  0.5650000000E+02 <phi**2>=  0.710717E-06 energy exchange:   0.121469E-05 -0.121469E-05
t=  0.5700000000E+02 <phi**2>=  0.817363E-06 heat fluxes:   0.865330E-05  0.593152E-05
t=  0.5700000000E+02 <phi**2>=  0.817363E-06 energy exchange:   0.738560E-06 -0.738560E-06
t=  0.5750000000E+02 <phi**2>=  0.921043E-06 heat fluxes:   0.975663E-05  0.661069E-05
t=  0.5750000000E+02 <phi**2>=  0.921043E-06 energy exchange:   0.130799E-05 -0.130799E-05
t=  0.5800000000E+02 <phi**2>=  0.103251E-05 heat fluxes:   0.110268E-04  0.750804E-05
t=  0.5800000000E+02 <phi**2>=  0.103251E-05 energy exchange:   0.122467E-05 -0.122467E-05
t=  0.5850000000E+02 <phi**2>=  0.117132E-05 heat fluxes:   0.124857E-04  0.851358E-05
t=  0.5850000000E+02 <phi**2>=  0.117132E-05 energy exchange:   0.142363E-05 -0.142363E-05
t=  0.5900000000E+02 <phi**2>=  0.134332E-05 heat fluxes:   0.142341E-04  0.968289E-05
t=  0.5900000000E+02 <phi**2>=  0.134332E-05 energy exchange:   0.168544E-05 -0.168544E-05
t=  0.5950000000E+02 <phi**2>=  0.149464E-05 heat fluxes:   0.159931E-04  0.108867E-04
t=  0.5950000000E+02 <phi**2>=  0.149464E-05 energy exchange:   0.193457E-05 -0.193457E-05
t=  0.6000000000E+02 <phi**2>=  0.169125E-05 heat fluxes:   0.181096E-04  0.123815E-04
t=  0.6000000000E+02 <phi**2>=  0.169125E-05 energy exchange:   0.213966E-05 -0.213966E-05
t=  0.6050000000E+02 <phi**2>=  0.192708E-05 heat fluxes:   0.205636E-04  0.140381E-04
t=  0.6050000000E+02 <phi**2>=  0.192708E-05 energy exchange:   0.204556E-05 -0.204556E-05
t=  0.6100000000E+02 <phi**2>=  0.219449E-05 heat fluxes:   0.233760E-04  0.159577E-04
t=  0.6100000000E+02 <phi**2>=  0.219449E-05 energy exchange:   0.261090E-05 -0.261090E-05
t=  0.6150000000E+02 <phi**2>=  0.245744E-05 heat fluxes:   0.263520E-04  0.179905E-04
t=  0.6150000000E+02 <phi**2>=  0.245744E-05 energy exchange:   0.294985E-05 -0.294985E-05
t=  0.6200000000E+02 <phi**2>=  0.278868E-05 heat fluxes:   0.298418E-04  0.202713E-04
t=  0.6200000000E+02 <phi**2>=  0.278868E-05 energy exchange:   0.400235E-05 -0.400235E-05
t=  0.6250000000E+02 <phi**2>=  0.316187E-05 heat fluxes:   0.338305E-04  0.230207E-04
t=  0.6250000000E+02 <phi**2>=  0.316187E-05 energy exchange:   0.417593E-05 -0.417593E-05
t=  0.6300000000E+02 <phi**2>=  0.359893E-05 heat fluxes:   0.383343E-04  0.259012E-04
t=  0.6300000000E+02 <phi**2>=  0.359893E-05 energy exchange:   0.588787E-05 -0.588787E-05
t=  0.6350000000E+02 <phi**2>=  0.404657E-05 heat fluxes:   0.434335E-04  0.295872E-04
t=  0.6350000000E+02 <phi**2>=  0.404657E-05 energy exchange:   0.526201E-05 -0.526201E-05
t=  0.6400000000E+02 <phi**2>=  0.459057E-05 heat fluxes:   0.491619E-04  0.333914E-04
t=  0.6400000000E+02 <phi**2>=  0.459057E-05 energy exchange:   0.661240E-05 -0.661240E-05
t=  0.6450000000E+02 <phi**2>=  0.519205E-05 heat fluxes:   0.556963E-04  0.379046E-04
t=  0.6450000000E+02 <phi**2>=  0.519205E-05 energy exchange:   0.731607E-05 -0.731607E-05
t=  0.6500000000E+02 <phi**2>=  0.587724E-05 heat fluxes:   0.631354E-04  0.430433E-04
t=  0.6500000000E+02 <phi**2>=  0.587724E-05 energy exchange:   0.760901E-05 -0.760901E-05
t=  0.6550000000E+02 <phi**2>=  0.669587E-05 heat fluxes:   0.716966E-04  0.487606E-04
t=  0.6550000000E+02 <phi**2>=  0.669587E-05 energy exchange:   0.914197E-05 -0.914197E-05
t=  0.6600000000E+02 <phi**2>=  0.755545E-05 heat fluxes:   0.810821E-04  0.552281E-04
t=  0.6600000000E+02 <phi**2>=  0.755545E-05 energy exchange:   0.104710E-04 -0.104710E-04
t=  0.6650000000E+02 <phi**2>=  0.861064E-05 heat fluxes:   0.921455E-04  0.626953E-04
t=  0.6650000000E+02 <phi**2>=  0.861064E-05 energy exchange:   0.113914E-04 -0.113914E-04
t=  0.6700000000E+02 <phi**2>=  0.969772E-05 heat fluxes:   0.104190E-03  0.709930E-04
t=  0.6700000000E+02 <phi**2>=  0.969772E-05 energy exchange:   0.130123E-04 -0.130123E-04
t=  0.6750000000E+02 <phi**2>=  0.110104E-04 heat fluxes:   0.118079E-03  0.802698E-04
t=  0.6750000000E+02 <phi**2>=  0.110104E-04 energy exchange:   0.157076E-04 -0.157076E-04
t=  0.6800000000E+02 <phi**2>=  0.124947E-04 heat fluxes:   0.134058E-03  0.913742E-04
t=  0.6800000000E+02 <phi**2>=  0.124947E-04 energy exchange:   0.164825E-04 -0.164825E-04
t=  0.6850000000E+02 <phi**2>=  0.141090E-04 heat fluxes:   0.151588E-03  0.103289E-03
t=  0.6850000000E+02 <phi**2>=  0.141090E-04 energy exchange:   0.196169E-04 -0.196169E-04
t=  0.6900000000E+02 <phi**2>=  0.159969E-04 heat fluxes:   0.171857E-03  0.117029E-03
t=  0.6900000000E+02 <phi**2>=  0.159969E-04 energy exchange:   0.218629E-04 -0.218629E-04
t=  0.6950000000E+02 <phi**2>=  0.181730E-04 heat fluxes:   0.195028E-03  0.132858E-03
t=  0.6950000000E+02 <phi**2>=  0.181730E-04 energy exchange:   0.237967E-04 -0.237967E-04
t=  0.7000000000E+02 <phi**2>=  0.205442E-04 heat fluxes:   0.220776E-03  0.150380E-03
t=  0.7000000000E+02 <phi**2>=  0.205442E-04 energy exchange:   0.268658E-04 -0.268658E-04
t=  0.7050000000E+02 <phi**2>=  0.232313E-04 heat fluxes:   0.249710E-03  0.169819E-03
t=  0.7050000000E+02 <phi**2>=  0.232313E-04 energy exchange:   0.335463E-04 -0.335463E-04
t=  0.7100000000E+02 <phi**2>=  0.263915E-04 heat fluxes:   0.283835E-03  0.193839E-03
t=  0.7100000000E+02 <phi**2>=  0.263915E-04 energy exchange:   0.321372E-04 -0.321372E-04
t=  0.7150000000E+02 <phi**2>=  0.298343E-04 heat fluxes:   0.320715E-03  0.218038E-03
t=  0.7150000000E+02 <phi**2>=  0.298343E-04 energy exchange:   0.431881E-04 -0.431881E-04
t=  0.7200000000E+02 <phi**2>=  0.338257E-04 heat fluxes:   0.363794E-03  0.247790E-03
t=  0.7200000000E+02 <phi**2>=  0.338257E-04 energy exchange:   0.456543E-04 -0.456543E-04
t=  0.7250000000E+02 <phi**2>=  0.383279E-04 heat fluxes:   0.412362E-03  0.281081E-03
t=  0.7250000000E+02 <phi**2>=  0.383279E-04 energy exchange:   0.499762E-04 -0.499762E-04
t=  0.7300000000E+02 <phi**2>=  0.434183E-04 heat fluxes:   0.467346E-03  0.318820E-03
t=  0.7300000000E+02 <phi**2>=  0.434183E-04 energy exchange:   0.562119E-04 -0.562119E-04
t=  0.7350000000E+02 <phi**2>=  0.492036E-04 heat fluxes:   0.529493E-03  0.360838E-03
t=  0.7350000000E+02 <phi**2>=  0.492036E-04 energy exchange:   0.656227E-04 -0.656227E-04
t=  0.7400000000E+02 <phi**2>=  0.557677E-04 heat fluxes:   0.599764E-03  0.408384E-03
t=  0.7400000000E+02 <phi**2>=  0.557677E-04 energy exchange:   0.767986E-04 -0.767986E-04
t=  0.7450000000E+02 <phi**2>=  0.631133E-04 heat fluxes:   0.679425E-03  0.462875E-03
t=  0.7450000000E+02 <phi**2>=  0.631133E-04 energy exchange:   0.850324E-04 -0.850324E-04
t=  0.7500000000E+02 <phi**2>=  0.715771E-04 heat fluxes:   0.770284E-03  0.524880E-03
t=  0.7500000000E+02 <phi**2>=  0.715771E-04 energy exchange:   0.959860E-04 -0.959860E-04
t=  0.7550000000E+02 <phi**2>=  0.810775E-04 heat fluxes:   0.872693E-03  0.594447E-03
t=  0.7550000000E+02 <phi**2>=  0.810775E-04 energy exchange:   0.109902E-03 -0.109902E-03
t=  0.7600000000E+02 <phi**2>=  0.917867E-04 heat fluxes:   0.988383E-03  0.673152E-03
t=  0.7600000000E+02 <phi**2>=  0.917867E-04 energy exchange:   0.125640E-03 -0.125640E-03
t=  0.7650000000E+02 <phi**2>=  0.103991E-03 heat fluxes:   0.111997E-02  0.763132E-03
t=  0.7650000000E+02 <phi**2>=  0.103991E-03 energy exchange:   0.141255E-03 -0.141255E-03
t=  0.7700000000E+02 <phi**2>=  0.117861E-03 heat fluxes:   0.126919E-02  0.864367E-03
t=  0.7700000000E+02 <phi**2>=  0.117861E-03 energy exchange:   0.161738E-03 -0.161738E-03
t=  0.7750000000E+02 <phi**2>=  0.133575E-03 heat fluxes:   0.143859E-02  0.980552E-03
t=  0.7750000000E+02 <phi**2>=  0.133575E-03 energy exchange:   0.177366E-03 -0.177366E-03
t=  0.7800000000E+02 <phi**2>=  0.151327E-03 heat fluxes:   0.162995E-02  0.111056E-02
t=  0.7800000000E+02 <phi**2>=  0.151327E-03 energy exchange:   0.203244E-03 -0.203244E-03
t=  0.7850000000E+02 <phi**2>=  0.171426E-03 heat fluxes:   0.184667E-02  0.125805E-02
t=  0.7850000000E+02 <phi**2>=  0.171426E-03 energy exchange:   0.232300E-03 -0.232300E-03
t=  0.7900000000E+02 <phi**2>=  0.194344E-03 heat fluxes:   0.209314E-02  0.142623E-02
t=  0.7900000000E+02 <phi**2>=  0.194344E-03 energy exchange:   0.260719E-03 -0.260719E-03
t=  0.7950000000E+02 <phi**2>=  0.220231E-03 heat fluxes:   0.237101E-02  0.161412E-02
t=  0.7950000000E+02 <phi**2>=  0.220231E-03 energy exchange:   0.305588E-03 -0.305588E-03
t=  0.8000000000E+02 <phi**2>=  0.249381E-03 heat fluxes:   0.268654E-02  0.183021E-02
t=  0.8000000000E+02 <phi**2>=  0.249381E-03 energy exchange:   0.337753E-03 -0.337753E-03
t=  0.8050000000E+02 <phi**2>=  0.282707E-03 heat fluxes:   0.304568E-02  0.207559E-02
t=  0.8050000000E+02 <phi**2>=  0.282707E-03 energy exchange:   0.377399E-03 -0.377399E-03
t=  0.8100000000E+02 <phi**2>=  0.320128E-03 heat fluxes:   0.344954E-02  0.235053E-02
t=  0.8100000000E+02 <phi**2>=  0.320128E-03 energy exchange:   0.433208E-03 -0.433208E-03
t=  0.8150000000E+02 <phi**2>=  0.362907E-03 heat fluxes:   0.391029E-02  0.266485E-02
t=  0.8150000000E+02 <phi**2>=  0.362907E-03 energy exchange:   0.485402E-03 -0.485402E-03
t=  0.8200000000E+02 <phi**2>=  0.411154E-03 heat fluxes:   0.443028E-02  0.301881E-02
t=  0.8200000000E+02 <phi**2>=  0.411154E-03 energy exchange:   0.552860E-03 -0.552860E-03
t=  0.8250000000E+02 <phi**2>=  0.465774E-03 heat fluxes:   0.501924E-02  0.341981E-02
t=  0.8250000000E+02 <phi**2>=  0.465774E-03 energy exchange:   0.633929E-03 -0.633929E-03
t=  0.8300000000E+02 <phi**2>=  0.528014E-03 heat fluxes:   0.568937E-02  0.387664E-02
t=  0.8300000000E+02 <phi**2>=  0.528014E-03 energy exchange:   0.709226E-03 -0.709226E-03
t=  0.8350000000E+02 <phi**2>=  0.598128E-03 heat fluxes:   0.644587E-02  0.439152E-02
t=  0.8350000000E+02 <phi**2>=  0.598128E-03 energy exchange:   0.812359E-03 -0.812359E-03
t=  0.8400000000E+02 <phi**2>=  0.677492E-03 heat fluxes:   0.730336E-02  0.497701E-02
t=  0.8400000000E+02 <phi**2>=  0.677492E-03 energy exchange:   0.909746E-03 -0.909746E-03
t=  0.8450000000E+02 <phi**2>=  0.767936E-03 heat fluxes:   0.827676E-02  0.563901E-02
t=  0.8450000000E+02 <phi**2>=  0.767936E-03 energy exchange:   0.103797E-02 -0.103797E-02
t=  0.8500000000E+02 <phi**2>=  0.870165E-03 heat fluxes:   0.937936E-02  0.639173E-02
t=  0.8500000000E+02 <phi**2>=  0.870165E-03 energy exchange:   0.117393E-02 -0.117393E-02
t=  0.8550000000E+02 <phi**2>=  0.986278E-03 heat fluxes:   0.106290E-01  0.724049E-02
t=  0.8550000000E+02 <phi**2>=  0.986278E-03 energy exchange:   0.134128E-02 -0.134128E-02
t=  0.8600000000E+02 <phi**2>=  0.111752E-02 heat fluxes:   0.120472E-01  0.821177E-02
t=  0.8600000000E+02 <phi**2>=  0.111752E-02 energy exchange:   0.149268E-02 -0.149268E-02
t=  0.8650000000E+02 <phi**2>=  0.126616E-02 heat fluxes:   0.136486E-01  0.929892E-02
t=  0.8650000000E+02 <phi**2>=  0.126616E-02 energy exchange:   0.171977E-02 -0.171977E-02
t=  0.8700000000E+02 <phi**2>=  0.143501E-02 heat fluxes:   0.154687E-01  0.105397E-01
t=  0.8700000000E+02 <phi**2>=  0.143501E-02 energy exchange:   0.194846E-02 -0.194846E-02
t=  0.8750000000E+02 <phi**2>=  0.162616E-02 heat fluxes:   0.175298E-01  0.119446E-01
t=  0.8750000000E+02 <phi**2>=  0.162616E-02 energy exchange:   0.220282E-02 -0.220282E-02
t=  0.8800000000E+02 <phi**2>=  0.184306E-02 heat fluxes:   0.198659E-01  0.135341E-01
t=  0.8800000000E+02 <phi**2>=  0.184306E-02 energy exchange:   0.251015E-02 -0.251015E-02
t=  0.8850000000E+02 <phi**2>=  0.208814E-02 heat fluxes:   0.225120E-01  0.153405E-01
t=  0.8850000000E+02 <phi**2>=  0.208814E-02 energy exchange:   0.282678E-02 -0.282678E-02
t=  0.8900000000E+02 <phi**2>=  0.236612E-02 heat fluxes:   0.255103E-01  0.173830E-01
t=  0.8900000000E+02 <phi**2>=  0.236612E-02 energy exchange:   0.321383E-02 -0.321383E-02
t=  0.8950000000E+02 <phi**2>=  0.268084E-02 heat fluxes:   0.289077E-01  0.196995E-01
t=  0.8950000000E+02 <phi**2>=  0.268084E-02 energy exchange:   0.362093E-02 -0.362093E-02
t=  0.9000000000E+02 <phi**2>=  0.303876E-02 heat fluxes:   0.327638E-01  0.223277E-01
t=  0.9000000000E+02 <phi**2>=  0.303876E-02 energy exchange:   0.411482E-02 -0.411482E-02
t=  0.9050000000E+02 <phi**2>=  0.344334E-02 heat fluxes:   0.371292E-01  0.253051E-01
t=  0.9050000000E+02 <phi**2>=  0.344334E-02 energy exchange:   0.464528E-02 -0.464528E-02
t=  0.9100000000E+02 <phi**2>=  0.390215E-02 heat fluxes:   0.420761E-01  0.286737E-01
t=  0.9100000000E+02 <phi**2>=  0.390215E-02 energy exchange:   0.527472E-02 -0.527472E-02
t=  0.9150000000E+02 <phi**2>=  0.442213E-02 heat fluxes:   0.476847E-01  0.324976E-01
t=  0.9150000000E+02 <phi**2>=  0.442213E-02 energy exchange:   0.596453E-02 -0.596453E-02
t=  0.9200000000E+02 <phi**2>=  0.501056E-02 heat fluxes:   0.540331E-01  0.368216E-01
t=  0.9200000000E+02 <phi**2>=  0.501056E-02 energy exchange:   0.677835E-02 -0.677835E-02
t=  0.9250000000E+02 <phi**2>=  0.567786E-02 heat fluxes:   0.612330E-01  0.417309E-01
t=  0.9250000000E+02 <phi**2>=  0.567786E-02 energy exchange:   0.767937E-02 -0.767937E-02
t=  0.9300000000E+02 <phi**2>=  0.643401E-02 heat fluxes:   0.693894E-01  0.472850E-01
t=  0.9300000000E+02 <phi**2>=  0.643401E-02 energy exchange:   0.872669E-02 -0.872669E-02
t=  0.9350000000E+02 <phi**2>=  0.729148E-02 heat fluxes:   0.786378E-01  0.535910E-01
t=  0.9350000000E+02 <phi**2>=  0.729148E-02 energy exchange:   0.987863E-02 -0.987863E-02
t=  0.9400000000E+02 <phi**2>=  0.826206E-02 heat fluxes:   0.891128E-01  0.607306E-01
t=  0.9400000000E+02 <phi**2>=  0.826206E-02 energy exchange:   0.111668E-01 -0.111668E-01
t=  0.9450000000E+02 <phi**2>=  0.936325E-02 heat fluxes:   0.100987E+00  0.688206E-01
t=  0.9450000000E+02 <phi**2>=  0.936325E-02 energy exchange:   0.126800E-01 -0.126800E-01
t=  0.9500000000E+02 <phi**2>=  0.106100E-01 heat fluxes:   0.114439E+00  0.779855E-01
t=  0.9500000000E+02 <phi**2>=  0.106100E-01 energy exchange:   0.143859E-01 -0.143859E-01
t=  0.9550000000E+02 <phi**2>=  0.120241E-01 heat fluxes:   0.129693E+00  0.883866E-01
t=  0.9550000000E+02 <phi**2>=  0.120241E-01 energy exchange:   0.162599E-01 -0.162599E-01
t=  0.9600000000E+02 <phi**2>=  0.136231E-01 heat fluxes:   0.146952E+00  0.100138E+00
t=  0.9600000000E+02 <phi**2>=  0.136231E-01 energy exchange:   0.185074E-01 -0.185074E-01
t=  0.9650000000E+02 <phi**2>=  0.154388E-01 heat fluxes:   0.166538E+00  0.113492E+00
t=  0.9650000000E+02 <phi**2>=  0.154388E-01 energy exchange:   0.209288E-01 -0.209288E-01
t=  0.9700000000E+02 <phi**2>=  0.174968E-01 heat fluxes:   0.188734E+00  0.128615E+00
t=  0.9700000000E+02 <phi**2>=  0.174968E-01 energy exchange:   0.236903E-01 -0.236903E-01
t=  0.9750000000E+02 <phi**2>=  0.198252E-01 heat fluxes:   0.213865E+00  0.145739E+00
t=  0.9750000000E+02 <phi**2>=  0.198252E-01 energy exchange:   0.268814E-01 -0.268814E-01
t=  0.9800000000E+02 <phi**2>=  0.224662E-01 heat fluxes:   0.242362E+00  0.165173E+00
t=  0.9800000000E+02 <phi**2>=  0.224662E-01 energy exchange:   0.303952E-01 -0.303952E-01
t=  0.9850000000E+02 <phi**2>=  0.254584E-01 heat fluxes:   0.274644E+00  0.187163E+00
t=  0.9850000000E+02 <phi**2>=  0.254584E-01 energy exchange:   0.344534E-01 -0.344534E-01
t=  0.9900000000E+02 <phi**2>=  0.288494E-01 heat fluxes:   0.311234E+00  0.212102E+00
t=  0.9900000000E+02 <phi**2>=  0.288494E-01 energy exchange:   0.390591E-01 -0.390591E-01
t=  0.9950000000E+02 <phi**2>=  0.326929E-01 heat fluxes:   0.352700E+00  0.240358E+00
t=  0.9950000000E+02 <phi**2>=  0.326929E-01 energy exchange:   0.442332E-01 -0.442332E-01
t=  0.1000000000E+03 <phi**2>=  0.370463E-01 heat fluxes:   0.399677E+00  0.272376E+00
t=  0.1000000000E+03 <phi**2>=  0.370463E-01 energy exchange:   0.501148E-01 -0.501148E-01
t=  0.1005000000E+03 <phi**2>=  0.419798E-01 heat fluxes:   0.452913E+00  0.308649E+00
t=  0.1005000000E+03 <phi**2>=  0.419798E-01 energy exchange:   0.568513E-01 -0.568513E-01
t=  0.1010000000E+03 <phi**2>=  0.475725E-01 heat fluxes:   0.513253E+00  0.349771E+00
t=  0.1010000000E+03 <phi**2>=  0.475725E-01 energy exchange:   0.643992E-01 -0.643992E-01
t=  0.1015000000E+03 <phi**2>=  0.539079E-01 heat fluxes:   0.581611E+00  0.396347E+00
t=  0.1015000000E+03 <phi**2>=  0.539079E-01 energy exchange:   0.730693E-01 -0.730693E-01
t=  0.1020000000E+03 <phi**2>=  0.610868E-01 heat fluxes:   0.659084E+00  0.449148E+00
t=  0.1020000000E+03 <phi**2>=  0.610868E-01 energy exchange:   0.827477E-01 -0.827477E-01
t=  0.1025000000E+03 <phi**2>=  0.692254E-01 heat fluxes:   0.746900E+00  0.509005E+00
t=  0.1025000000E+03 <phi**2>=  0.692254E-01 energy exchange:   0.936495E-01 -0.936495E-01
t=  0.1030000000E+03 <phi**2>=  0.784478E-01 heat fluxes:   0.846401E+00  0.576801E+00
t=  0.1030000000E+03 <phi**2>=  0.784478E-01 energy exchange:   0.106216E+00 -0.106216E+00
t=  0.1035000000E+03 <phi**2>=  0.888931E-01 heat fluxes:   0.959133E+00  0.653626E+00
t=  0.1035000000E+03 <phi**2>=  0.888931E-01 energy exchange:   0.120329E+00 -0.120329E+00
t=  0.1040000000E+03 <phi**2>=  0.100736E+00 heat fluxes:   0.108691E+01  0.740691E+00
t=  0.1040000000E+03 <phi**2>=  0.100736E+00 energy exchange:   0.136485E+00 -0.136485E+00
t=  0.1045000000E+03 <phi**2>=  0.114156E+00 heat fluxes:   0.123172E+01  0.839401E+00
t=  0.1045000000E+03 <phi**2>=  0.114156E+00 energy exchange:   0.154510E+00 -0.154510E+00
t=  0.1050000000E+03 <phi**2>=  0.129365E+00 heat fluxes:   0.139581E+01  0.951201E+00
t=  0.1050000000E+03 <phi**2>=  0.129365E+00 energy exchange:   0.175184E+00 -0.175184E+00
t=  0.1055000000E+03 <phi**2>=  0.146590E+00 heat fluxes:   0.158171E+01  0.107788E+01
t=  0.1055000000E+03 <phi**2>=  0.146590E+00 energy exchange:   0.198673E+00 -0.198673E+00
t=  0.1060000000E+03 <phi**2>=  0.166119E+00 heat fluxes:   0.179245E+01  0.122152E+01
t=  0.1060000000E+03 <phi**2>=  0.166119E+00 energy exchange:   0.224963E+00 -0.224963E+00
t=  0.1065000000E+03 <phi**2>=  0.188248E+00 heat fluxes:   0.203125E+01  0.138429E+01
t=  0.1065000000E+03 <phi**2>=  0.188248E+00 energy exchange:   0.254814E+00 -0.254814E+00
t=  0.1070000000E+03 <phi**2>=  0.213325E+00 heat fluxes:   0.230185E+01  0.156868E+01
t=  0.1070000000E+03 <phi**2>=  0.213325E+00 energy exchange:   0.288954E+00 -0.288954E+00
t=  0.1075000000E+03 <phi**2>=  0.241746E+00 heat fluxes:   0.260853E+01  0.177769E+01
t=  0.1075000000E+03 <phi**2>=  0.241746E+00 energy exchange:   0.327308E+00 -0.327308E+00
t=  0.1080000000E+03 <phi**2>=  0.273951E+00 heat fluxes:   0.295607E+01  0.201455E+01
t=  0.1080000000E+03 <phi**2>=  0.273951E+00 energy exchange:   0.370880E+00 -0.370880E+00
t=  0.1085000000E+03 <phi**2>=  0.310445E+00 heat fluxes:   0.334990E+01  0.228297E+01
t=  0.1085000000E+03 <phi**2>=  0.310445E+00 energy exchange:   0.420171E+00 -0.420171E+00
t=  0.1090000000E+03 <phi**2>=  0.351801E+00 heat fluxes:   0.379618E+01  0.258711E+01
t=  0.1090000000E+03 <phi**2>=  0.351801E+00 energy exchange:   0.476371E+00 -0.476371E+00
t=  0.1095000000E+03 <phi**2>=  0.398672E+00 heat fluxes:   0.430196E+01  0.293178E+01
t=  0.1095000000E+03 <phi**2>=  0.398672E+00 energy exchange:   0.539841E+00 -0.539841E+00
t=  0.1100000000E+03 <phi**2>=  0.451780E+00 heat fluxes:   0.487510E+01  0.332241E+01
t=  0.1100000000E+03 <phi**2>=  0.451780E+00 energy exchange:   0.611770E+00 -0.611770E+00
t=  0.1105000000E+03 <phi**2>=  0.511988E+00 heat fluxes:   0.552476E+01  0.376520E+01
t=  0.1105000000E+03 <phi**2>=  0.511988E+00 energy exchange:   0.692766E+00 -0.692766E+00
t=  0.1110000000E+03 <phi**2>=  0.580177E+00 heat fluxes:   0.626069E+01  0.426669E+01
t=  0.1110000000E+03 <phi**2>=  0.580177E+00 energy exchange:   0.785727E+00 -0.785727E+00
t=  0.1115000000E+03 <phi**2>=  0.657478E+00 heat fluxes:   0.709485E+01  0.483519E+01
t=  0.1115000000E+03 <phi**2>=  0.657478E+00 energy exchange:   0.890259E+00 -0.890259E+00
t=  0.1120000000E+03 <phi**2>=  0.745079E+00 heat fluxes:   0.804019E+01  0.547949E+01
t=  0.1120000000E+03 <phi**2>=  0.745079E+00 energy exchange:   0.100863E+01 -0.100863E+01
t=  0.1125000000E+03 <phi**2>=  0.844333E+00 heat fluxes:   0.911135E+01  0.620945E+01
t=  0.1125000000E+03 <phi**2>=  0.844333E+00 energy exchange:   0.114363E+01 -0.114363E+01
t=  0.1130000000E+03 <phi**2>=  0.956823E+00 heat fluxes:   0.103253E+02  0.703688E+01
t=  0.1130000000E+03 <phi**2>=  0.956823E+00 energy exchange:   0.129557E+01 -0.129557E+01
t=  0.1135000000E+03 <phi**2>=  0.108430E+01 heat fluxes:   0.117010E+02  0.797437E+01
t=  0.1135000000E+03 <phi**2>=  0.108430E+01 energy exchange:   0.146846E+01 -0.146846E+01
t=  0.1140000000E+03 <phi**2>=  0.122875E+01 heat fluxes:   0.132599E+02  0.903679E+01
t=  0.1140000000E+03 <phi**2>=  0.122875E+01 energy exchange:   0.166395E+01 -0.166395E+01
t=  0.1145000000E+03 <phi**2>=  0.139245E+01 heat fluxes:   0.150266E+02  0.102409E+02
t=  0.1145000000E+03 <phi**2>=  0.139245E+01 energy exchange:   0.188561E+01 -0.188561E+01
t=  0.1150000000E+03 <phi**2>=  0.157796E+01 heat fluxes:   0.170287E+02  0.116053E+02
t=  0.1150000000E+03 <phi**2>=  0.157796E+01 energy exchange:   0.213673E+01 -0.213673E+01
t=  0.1155000000E+03 <phi**2>=  0.178819E+01 heat fluxes:   0.192975E+02  0.131515E+02
t=  0.1155000000E+03 <phi**2>=  0.178819E+01 energy exchange:   0.242186E+01 -0.242186E+01
t=  0.1160000000E+03 <phi**2>=  0.202645E+01 heat fluxes:   0.218687E+02  0.149040E+02
t=  0.1160000000E+03 <phi**2>=  0.202645E+01 energy exchange:   0.274374E+01 -0.274374E+01
t=  0.1165000000E+03 <phi**2>=  0.229642E+01 heat fluxes:   0.247823E+02  0.168897E+02
t=  0.1165000000E+03 <phi**2>=  0.229642E+01 energy exchange:   0.310896E+01 -0.310896E+01
t=  0.1170000000E+03 <phi**2>=  0.260236E+01 heat fluxes:   0.280841E+02  0.191398E+02
t=  0.1170000000E+03 <phi**2>=  0.260236E+01 energy exchange:   0.352411E+01 -0.352411E+01
t=  0.1175000000E+03 <phi**2>=  0.294906E+01 heat fluxes:   0.318257E+02  0.216898E+02
t=  0.1175000000E+03 <phi**2>=  0.294906E+01 energy exchange:   0.399374E+01 -0.399374E+01
t=  0.1180000000E+03 <phi**2>=  0.334196E+01 heat fluxes:   0.360660E+02  0.245795E+02
t=  0.1180000000E+03 <phi**2>=  0.334196E+01 energy exchange:   0.452590E+01 -0.452590E+01
t=  0.1185000000E+03 <phi**2>=  0.378718E+01 heat fluxes:   0.408711E+02  0.278545E+02
t=  0.1185000000E+03 <phi**2>=  0.378718E+01 energy exchange:   0.512803E+01 -0.512803E+01
t=  0.1190000000E+03 <phi**2>=  0.429176E+01 heat fluxes:   0.463165E+02  0.315655E+02
t=  0.1190000000E+03 <phi**2>=  0.429176E+01 energy exchange:   0.581208E+01 -0.581208E+01
t=  0.1195000000E+03 <phi**2>=  0.486352E+01 heat fluxes:   0.524872E+02  0.357710E+02
t=  0.1195000000E+03 <phi**2>=  0.486352E+01 energy exchange:   0.658550E+01 -0.658550E+01
t=  0.1200000000E+03 <phi**2>=  0.551147E+01 heat fluxes:   0.594802E+02  0.405369E+02
t=  0.1200000000E+03 <phi**2>=  0.551147E+01 energy exchange:   0.746272E+01 -0.746272E+01
t=  0.1205000000E+03 <phi**2>=  0.624571E+01 heat fluxes:   0.674045E+02  0.459373E+02
t=  0.1205000000E+03 <phi**2>=  0.624571E+01 energy exchange:   0.845790E+01 -0.845790E+01
t=  0.1210000000E+03 <phi**2>=  0.707783E+01 heat fluxes:   0.763850E+02  0.520577E+02
t=  0.1210000000E+03 <phi**2>=  0.707783E+01 energy exchange:   0.958455E+01 -0.958455E+01
t=  0.1215000000E+03 <phi**2>=  0.802078E+01 heat fluxes:   0.865617E+02  0.589932E+02
t=  0.1215000000E+03 <phi**2>=  0.802078E+01 energy exchange:   0.108619E+02 -0.108619E+02
t=  0.1220000000E+03 <phi**2>=  0.908933E+01 heat fluxes:   0.980941E+02  0.668528E+02
t=  0.1220000000E+03 <phi**2>=  0.908933E+01 energy exchange:   0.123091E+02 -0.123091E+02
t=  0.1225000000E+03 <phi**2>=  0.103003E+02 heat fluxes:   0.111163E+03  0.757599E+02
t=  0.1225000000E+03 <phi**2>=  0.103003E+02 energy exchange:   0.139471E+02 -0.139471E+02
t=  0.1230000000E+03 <phi**2>=  0.116725E+02 heat fluxes:   0.125973E+03  0.858529E+02
t=  0.1230000000E+03 <phi**2>=  0.116725E+02 energy exchange:   0.158075E+02 -0.158075E+02
t=  0.1235000000E+03 <phi**2>=  0.132276E+02 heat fluxes:   0.142757E+03  0.972909E+02
t=  0.1235000000E+03 <phi**2>=  0.132276E+02 energy exchange:   0.179137E+02 -0.179137E+02
t=  0.1240000000E+03 <phi**2>=  0.149899E+02 heat fluxes:   0.161776E+03  0.110253E+03
t=  0.1240000000E+03 <phi**2>=  0.149899E+02 energy exchange:   0.202988E+02 -0.202988E+02
t=  0.1245000000E+03 <phi**2>=  0.169869E+02 heat fluxes:   0.183330E+03  0.124943E+03
t=  0.1245000000E+03 <phi**2>=  0.169869E+02 energy exchange:   0.230027E+02 -0.230027E+02
t=  0.1250000000E+03 <phi**2>=  0.192500E+02 heat fluxes:   0.207754E+03  0.141588E+03
t=  0.1250000000E+03 <phi**2>=  0.192500E+02 energy exchange:   0.260704E+02 -0.260704E+02
t=  0.1255000000E+03 <phi**2>=  0.218147E+02 heat fluxes:   0.235434E+03  0.160453E+03
t=  0.1255000000E+03 <phi**2>=  0.218147E+02 energy exchange:   0.295400E+02 -0.295400E+02
t=  0.1260000000E+03 <phi**2>=  0.247210E+02 heat fluxes:   0.266800E+03  0.181829E+03
t=  0.1260000000E+03 <phi**2>=  0.247210E+02 energy exchange:   0.334786E+02 -0.334786E+02
t=  0.1265000000E+03 <phi**2>=  0.280146E+02 heat fluxes:   0.302346E+03  0.206055E+03
t=  0.1265000000E+03 <phi**2>=  0.280146E+02 energy exchange:   0.379379E+02 -0.379379E+02
t=  0.1270000000E+03 <phi**2>=  0.317469E+02 heat fluxes:   0.342628E+03  0.233508E+03
t=  0.1270000000E+03 <phi**2>=  0.317469E+02 energy exchange:   0.429899E+02 -0.429899E+02
t=  0.1275000000E+03 <phi**2>=  0.359764E+02 heat fluxes:   0.388277E+03  0.264618E+03
t=  0.1275000000E+03 <phi**2>=  0.359764E+02 energy exchange:   0.487212E+02 -0.487212E+02
t=  0.1280000000E+03 <phi**2>=  0.407695E+02 heat fluxes:   0.440008E+03  0.299875E+03
t=  0.1280000000E+03 <phi**2>=  0.407695E+02 energy exchange:   0.552061E+02 -0.552061E+02
t=  0.1285000000E+03 <phi**2>=  0.462014E+02 heat fluxes:   0.498631E+03  0.339827E+03
t=  0.1285000000E+03 <phi**2>=  0.462014E+02 energy exchange:   0.625654E+02 -0.625654E+02
t=  0.1290000000E+03 <phi**2>=  0.523567E+02 heat fluxes:   0.565064E+03  0.385103E+03
t=  0.1290000000E+03 <phi**2>=  0.523567E+02 energy exchange:   0.709014E+02 -0.709014E+02
